#
# There is insufficient memory for the Java Runtime Environment to continue.
# Native memory allocation (mmap) failed to map 268435456 bytes for Failed to commit area from 0x0000000701800000 to 0x0000000711800000 of length 268435456.
# Possible reasons:
#   The system is out of physical RAM or swap space
#   The process is running with CompressedOops enabled, and the Java Heap may be blocking the growth of the native heap
# Possible solutions:
#   Reduce memory load on the system
#   Increase physical memory or swap space
#   Check if swap backing store is full
#   Decrease Java heap size (-Xmx/-Xms)
#   Decrease number of Java threads
#   Decrease Java thread stack sizes (-Xss)
#   Set larger code cache with -XX:ReservedCodeCacheSize=
# This output file may be truncated or incomplete.
#
#  Out of Memory Error (./src/hotspot/os/windows/os_windows.cpp:3301), pid=5908, tid=2208
#
# JRE version:  (11.0.11+9) (build )
# Java VM: OpenJDK 64-Bit Server VM (11.0.11+9-b60-7590822, mixed mode, sharing, tiered, compressed oops, g1 gc, windows-amd64)
# No core dump will be written. Minidumps are not enabled by default on client versions of Windows
#

---------------  S U M M A R Y ------------

Command Line: org.jetbrains.kotlin.cli.jvm.K2JVMCompiler @C:\Users\SuveybeSena\AndroidStudioProjects\RetrofitCoroutines\app\build\20220315_2388355965386469621.compiler.options

Host: Intel(R) Core(TM) i7-7500U CPU @ 2.70GHz, 4 cores, 15G,  Windows 10 , 64 bit Build 19041 (10.0.19041.1566)
Time: Tue Mar 15 14:15:28 2022 Türkiye Standart Saati elapsed time: 0.019178 seconds (0d 0h 0m 0s)

---------------  T H R E A D  ---------------

Current thread (0x000001d558b09800):  JavaThread "Unknown thread" [_thread_in_vm, id=2208, stack(0x00000067a3200000,0x00000067a3300000)]

Stack: [0x00000067a3200000,0x00000067a3300000]
Native frames: (J=compiled Java code, j=interpreted, Vv=VM code, C=native code)
V  [jvm.dll+0x5f214a]
V  [jvm.dll+0x726fb5]
V  [jvm.dll+0x7285cd]
V  [jvm.dll+0x728c83]
V  [jvm.dll+0x243278]
V  [jvm.dll+0x5ef544]
V  [jvm.dll+0x5e4495]
V  [jvm.dll+0x2fec5b]
V  [jvm.dll+0x2febca]
V  [jvm.dll+0x2feaa2]
V  [jvm.dll+0x303986]
V  [jvm.dll+0x34c3a3]
V  [jvm.dll+0x34caa6]
V  [jvm.dll+0x34c4a3]
V  [jvm.dll+0x2d9688]
V  [jvm.dll+0x2da837]
V  [jvm.dll+0x705ba7]
V  [jvm.dll+0x70739c]
V  [jvm.dll+0x3598f9]
V  [jvm.dll+0x6e931e]
V  [jvm.dll+0x3c1c43]
V  [jvm.dll+0x3c3e81]
C  [jli.dll+0x5373]
C  [ucrtbase.dll+0x21bb2]
C  [KERNEL32.DLL+0x17034]
C  [ntdll.dll+0x52651]


---------------  P R O C E S S  ---------------

Threads class SMR info:
_java_thread_list=0x000001d5571b73e0, length=0, elements={
}

Java Threads: ( => current thread )

Other Threads:
  0x000001d558b22800 GCTaskThread "GC Thread#0" [stack: 0x00000067a3300000,0x00000067a3400000] [id=13296]
  0x000001d558b7d800 ConcurrentGCThread "G1 Main Marker" [stack: 0x00000067a3400000,0x00000067a3500000] [id=9584]
  0x000001d558b7f000 ConcurrentGCThread "G1 Conc#0" [stack: 0x00000067a3500000,0x00000067a3600000] [id=8536]

[error occurred during error reporting (printing all threads), id 0xc0000005, EXCEPTION_ACCESS_VIOLATION (0xc0000005) at pc=0x00007ffcd79b9c47]

VM state:not at safepoint (not fully initialized)

VM Mutex/Monitor currently owned by a thread:  ([mutex/lock_event])
[0x000001d558b04990] Heap_lock - owner thread: 0x000001d558b09800

Heap address: 0x0000000701800000, size: 4072 MB, Compressed Oops mode: Non-zero based: 0x0000000701800000
Narrow klass base: 0x0000000000000000, Narrow klass shift: 0

GC Heap History (0 events):
No events

Deoptimization events (0 events):
No events

Classes redefined (0 events):
No events

Internal exceptions (0 events):
No events

Events (1 events):
Event: 0.010 Loaded shared library C:\Program Files\Android\Android Studio\jre\bin\zip.dll


Dynamic libraries:
0x00007ff610710000 - 0x00007ff61071a000 	C:\Program Files\Android\Android Studio\jre\bin\java.exe
0x00007ffd1e290000 - 0x00007ffd1e485000 	C:\Windows\SYSTEM32\ntdll.dll
0x00007ffd1c8d0000 - 0x00007ffd1c98e000 	C:\Windows\System32\KERNEL32.DLL
0x00007ffd1b9b0000 - 0x00007ffd1bc78000 	C:\Windows\System32\KERNELBASE.dll
0x00007ffd1bf80000 - 0x00007ffd1c080000 	C:\Windows\System32\ucrtbase.dll
0x00007ffd147a0000 - 0x00007ffd147b7000 	C:\Program Files\Android\Android Studio\jre\bin\VCRUNTIME140.dll
0x00007ffd16200000 - 0x00007ffd16219000 	C:\Program Files\Android\Android Studio\jre\bin\jli.dll
0x00007ffd1ccf0000 - 0x00007ffd1ce90000 	C:\Windows\System32\USER32.dll
0x00007ffd09740000 - 0x00007ffd099da000 	C:\Windows\WinSxS\amd64_microsoft.windows.common-controls_6595b64144ccf1df_6.0.19041.1110_none_60b5254171f9507e\COMCTL32.dll
0x00007ffd1c3e0000 - 0x00007ffd1c47e000 	C:\Windows\System32\msvcrt.dll
0x00007ffd1c080000 - 0x00007ffd1c0a2000 	C:\Windows\System32\win32u.dll
0x00007ffd1d8c0000 - 0x00007ffd1d8eb000 	C:\Windows\System32\GDI32.dll
0x00007ffd1c1b0000 - 0x00007ffd1c2bb000 	C:\Windows\System32\gdi32full.dll
0x00007ffd1bc80000 - 0x00007ffd1bd1d000 	C:\Windows\System32\msvcp_win.dll
0x00007ffd1d8f0000 - 0x00007ffd1d920000 	C:\Windows\System32\IMM32.DLL
0x00007ffd0e2c0000 - 0x00007ffd0e35d000 	C:\Program Files\Android\Android Studio\jre\bin\msvcp140.dll
0x00007ffcd76d0000 - 0x00007ffcd81a5000 	C:\Program Files\Android\Android Studio\jre\bin\server\jvm.dll
0x00007ffd1d1e0000 - 0x00007ffd1d28e000 	C:\Windows\System32\ADVAPI32.dll
0x00007ffd1c5b0000 - 0x00007ffd1c64c000 	C:\Windows\System32\sechost.dll
0x00007ffd1ce90000 - 0x00007ffd1cfb5000 	C:\Windows\System32\RPCRT4.dll
0x00007ffd1c530000 - 0x00007ffd1c538000 	C:\Windows\System32\PSAPI.DLL
0x00007ffd0f3a0000 - 0x00007ffd0f3c7000 	C:\Windows\SYSTEM32\WINMM.dll
0x00007ffd161d0000 - 0x00007ffd161d9000 	C:\Windows\SYSTEM32\WSOCK32.dll
0x00007ffd137f0000 - 0x00007ffd137fa000 	C:\Windows\SYSTEM32\VERSION.dll
0x00007ffd1d170000 - 0x00007ffd1d1db000 	C:\Windows\System32\WS2_32.dll
0x00007ffd198c0000 - 0x00007ffd198d2000 	C:\Windows\SYSTEM32\kernel.appcore.dll
0x00007ffd161b0000 - 0x00007ffd161c1000 	C:\Program Files\Android\Android Studio\jre\bin\verify.dll
0x00007ffd063d0000 - 0x00007ffd065b4000 	C:\Windows\SYSTEM32\DBGHELP.DLL
0x00007ffd06280000 - 0x00007ffd062ac000 	C:\Windows\SYSTEM32\dbgcore.DLL
0x00007ffd1c120000 - 0x00007ffd1c1a2000 	C:\Windows\System32\bcryptPrimitives.dll
0x00007ffd16170000 - 0x00007ffd16199000 	C:\Program Files\Android\Android Studio\jre\bin\java.dll
0x00007ffd160d0000 - 0x00007ffd160db000 	C:\Program Files\Android\Android Studio\jre\bin\jimage.dll
0x00007ffd14610000 - 0x00007ffd14628000 	C:\Program Files\Android\Android Studio\jre\bin\zip.dll

dbghelp: loaded successfully - version: 4.0.5 - missing functions: none
symbol engine: initialized successfully - sym options: 0x614 - pdb path: .;C:\Program Files\Android\Android Studio\jre\bin;C:\Windows\SYSTEM32;C:\Windows\WinSxS\amd64_microsoft.windows.common-controls_6595b64144ccf1df_6.0.19041.1110_none_60b5254171f9507e;C:\Program Files\Android\Android Studio\jre\bin\server

VM Arguments:
java_command: org.jetbrains.kotlin.cli.jvm.K2JVMCompiler @C:\Users\SuveybeSena\AndroidStudioProjects\RetrofitCoroutines\app\build\20220315_2388355965386469621.compiler.options
java_class_path (initial): C:\Users\SuveybeSena\.gradle\caches\modules-2\files-2.1\org.jetbrains.kotlin\kotlin-compiler-embeddable\1.6.10\88f2073f4020cdb83132cfe940ceb9a60aba54ea\kotlin-compiler-embeddable-1.6.10.jar;C:\Users\SuveybeSena\.gradle\caches\modules-2\files-2.1\org.jetbrains.kotlin\kotlin-reflect\1.6.10\1cbe9c92c12a94eea200d23c2bbaedaf3daf5132\kotlin-reflect-1.6.10.jar;C:\Users\SuveybeSena\.gradle\caches\modules-2\files-2.1\org.jetbrains.kotlin\kotlin-stdlib\1.6.10\b8af3fe6f1ca88526914929add63cf5e7c5049af\kotlin-stdlib-1.6.10.jar;C:\Users\SuveybeSena\.gradle\caches\modules-2\files-2.1\org.jetbrains.kotlin\kotlin-script-runtime\1.6.10\d0a7ff2e2500ef497ed0214ae40ad3c8387a6164\kotlin-script-runtime-1.6.10.jar;C:\Users\SuveybeSena\.gradle\caches\modules-2\files-2.1\org.jetbrains.kotlin\kotlin-daemon-embeddable\1.6.10\a56d79bcbea411fa6058e4ecffc2de73e742bd2a\kotlin-daemon-embeddable-1.6.10.jar;C:\Users\SuveybeSena\.gradle\caches\modules-2\files-2.1\org.jetbrains.intellij.deps\trove4j\1.0.20181211\216c2e14b070f334479d800987affe4054cd563f\trove4j-1.0.20181211.jar;C:\Users\SuveybeSena\.gradle\caches\modules-2\files-2.1\net.java.dev.jna\jna\5.6.0\330f2244e9030119ab3030fc3fededc86713d9cc\jna-5.6.0.jar;C:\Users\SuveybeSena\.gradle\caches\modules-2\files-2.1\org.jetbrains\annotations\13.0\919f0dfe192fb4e063e7dacadee7f8bb9a2672a9\annotations-13.0.jar;C:\Users\SuveybeSena\.gradle\caches\modules-2\files-2.1\org.jetbrains.kotlin\kotlin-stdlib-common\1.6.10\c118700e3a33c8a0d9adc920e9dec0831171925\kotlin-stdlib-common-1.6.10.jar
Launcher Type: SUN_STANDARD

[Global flags]
     intx CICompilerCount                          = 3                                         {product} {ergonomic}
     uint ConcGCThreads                            = 1                                         {product} {ergonomic}
     uint G1ConcRefinementThreads                  = 4                                         {product} {ergonomic}
   size_t G1HeapRegionSize                         = 1048576                                   {product} {ergonomic}
    uintx GCDrainStackTargetSize                   = 64                                        {product} {ergonomic}
   size_t InitialHeapSize                          = 268435456                                 {product} {ergonomic}
   size_t MarkStackSize                            = 4194304                                   {product} {ergonomic}
   size_t MaxHeapSize                              = 4269801472                                {product} {ergonomic}
   size_t MinHeapDeltaBytes                        = 1048576                                   {product} {ergonomic}
    uintx NonNMethodCodeHeapSize                   = 5830732                                {pd product} {ergonomic}
    uintx NonProfiledCodeHeapSize                  = 122913754                              {pd product} {ergonomic}
    uintx ProfiledCodeHeapSize                     = 122913754                              {pd product} {ergonomic}
    uintx ReservedCodeCacheSize                    = 251658240                              {pd product} {ergonomic}
     bool SegmentedCodeCache                       = true                                      {product} {ergonomic}
     bool UseCompressedClassPointers               = true                                 {lp64_product} {ergonomic}
     bool UseCompressedOops                        = true                                 {lp64_product} {ergonomic}
     bool UseG1GC                                  = true                                      {product} {ergonomic}
     bool UseLargePagesIndividualAllocation        = false                                  {pd product} {ergonomic}

Logging:
Log output configuration:
 #0: stdout all=warning uptime,level,tags
 #1: stderr all=off uptime,level,tags

Environment Variables:
PATH=C:\Program Files\Common Files\Oracle\Java\javapath;C:\Windows\system32;C:\Windows;C:\Windows\System32\Wbem;C:\Windows\System32\WindowsPowerShell\v1.0\;C:\Windows\System32\OpenSSH\;C:\Program Files\Java\jdk-17.0.1\bin;C:\Program Files\Git\cmd;C:\Users\SuveybeSena\AppData\Local\Microsoft\WindowsApps;
USERNAME=Süveybe Sena
OS=Windows_NT
PROCESSOR_IDENTIFIER=Intel64 Family 6 Model 142 Stepping 9, GenuineIntel



---------------  S Y S T E M  ---------------

OS: Windows 10 , 64 bit Build 19041 (10.0.19041.1566)
OS uptime: 2 days 14:42 hours

CPU:total 4 (initial active 4) (2 cores per cpu, 2 threads per core) family 6 model 142 stepping 9 microcode 0xb4, cmov, cx8, fxsr, mmx, sse, sse2, sse3, ssse3, sse4.1, sse4.2, popcnt, avx, avx2, aes, clmul, erms, 3dnowpref, lzcnt, ht, tsc, tscinvbit, bmi1, bmi2, adx, fma

Memory: 4k page, system-wide physical 16284M (2894M free)
TotalPageFile size 31476M (AvailPageFile size 44M)
current process WorkingSet (physical memory assigned to process): 10M, peak: 10M
current process commit charge ("private bytes"): 52M, peak: 307M

vm_info: OpenJDK 64-Bit Server VM (11.0.11+9-b60-7590822) for windows-amd64 JRE (11.0.11+9-b60-7590822), built on Jul 29 2021 21:43:44 by "builder" with MS VC++ 14.0 (VS2015)

END.
